2026-01-23 09:06:07,737 | app.main             | INFO     | Application started
2026-01-23 09:06:20,829 | app.main             | INFO     | Application started
2026-01-23 09:38:27,516 | app.main             | INFO     | Application started
2026-01-23 09:38:48,007 | app.main             | INFO     | Application started
2026-01-23 09:45:50,405 | app.main             | INFO     | Application started
2026-01-26 08:01:14,083 | app.main             | INFO     | Application started
2026-01-26 08:38:44,857 | app.main             | INFO     | Application started
2026-01-26 08:41:25,249 | app.main             | INFO     | Application started
2026-01-26 08:41:59,925 | app.services.auth_service | INFO     | Registration attempt for: user@example.com
2026-01-26 08:42:00,055 | sqlalchemy.engine.Engine | INFO     | select pg_catalog.version()
2026-01-26 08:42:00,056 | sqlalchemy.engine.Engine | INFO     | [raw sql] ()
2026-01-26 08:42:00,168 | sqlalchemy.engine.Engine | INFO     | select current_schema()
2026-01-26 08:42:00,169 | sqlalchemy.engine.Engine | INFO     | [raw sql] ()
2026-01-26 08:42:00,172 | sqlalchemy.engine.Engine | INFO     | show standard_conforming_strings
2026-01-26 08:42:00,172 | sqlalchemy.engine.Engine | INFO     | [raw sql] ()
2026-01-26 08:42:00,174 | sqlalchemy.engine.Engine | INFO     | BEGIN (implicit)
2026-01-26 08:42:00,180 | sqlalchemy.engine.Engine | INFO     | SELECT users.id, users.username, users.email, users.hashed_password, users.streak_days, users.is_active, users.created_at 
FROM users 
WHERE users.email = $1::VARCHAR
2026-01-26 08:42:00,180 | sqlalchemy.engine.Engine | INFO     | [generated in 0.00048s] ('user@example.com',)
2026-01-26 08:42:00,199 | app.repositories.base | ERROR    | Ошибка получения по полю email: (sqlalchemy.dialects.postgresql.asyncpg.ProgrammingError) <class 'asyncpg.exceptions.UndefinedTableError'>: relation "users" does not exist
[SQL: SELECT users.id, users.username, users.email, users.hashed_password, users.streak_days, users.is_active, users.created_at 
FROM users 
WHERE users.email = $1::VARCHAR]
[parameters: ('user@example.com',)]
(Background on this error at: https://sqlalche.me/e/20/f405)
2026-01-26 08:42:00,199 | sqlalchemy.engine.Engine | INFO     | ROLLBACK
2026-01-26 08:44:35,356 | app.services.auth_service | INFO     | Registration attempt for: user@example.com
2026-01-26 08:44:35,357 | sqlalchemy.engine.Engine | INFO     | BEGIN (implicit)
2026-01-26 08:44:35,359 | sqlalchemy.engine.Engine | INFO     | SELECT users.id, users.username, users.email, users.hashed_password, users.streak_days, users.is_active, users.created_at 
FROM users 
WHERE users.email = $1::VARCHAR
2026-01-26 08:44:35,360 | sqlalchemy.engine.Engine | INFO     | [cached since 155.2s ago] ('user@example.com',)
2026-01-26 08:44:35,376 | sqlalchemy.engine.Engine | INFO     | SELECT users.id, users.username, users.email, users.hashed_password, users.streak_days, users.is_active, users.created_at 
FROM users 
WHERE users.username = $1::VARCHAR
2026-01-26 08:44:35,377 | sqlalchemy.engine.Engine | INFO     | [generated in 0.00066s] ('testuser1',)
2026-01-26 08:44:35,586 | sqlalchemy.engine.Engine | INFO     | INSERT INTO users (id, username, email, hashed_password, streak_days, is_active) VALUES ($1::UUID, $2::VARCHAR, $3::VARCHAR, $4::VARCHAR, $5::INTEGER, $6::BOOLEAN) RETURNING users.created_at
2026-01-26 08:44:35,587 | sqlalchemy.engine.Engine | INFO     | [generated in 0.00104s] (UUID('2bd3fc4e-b7bd-42a8-ae7a-23c615437fcb'), 'testuser1', 'user@example.com', '$argon2id$v=19$m=65536,t=3,p=4$iZOhz7tcSE2shRsW43hR1g$JKImmnFDw78vzPzHRTdbSMc5Pdb9V3eB5obo2E1m4+g', 0, True)
2026-01-26 08:44:35,591 | sqlalchemy.engine.Engine | INFO     | COMMIT
2026-01-26 08:44:35,594 | sqlalchemy.engine.Engine | INFO     | BEGIN (implicit)
2026-01-26 08:44:35,596 | sqlalchemy.engine.Engine | INFO     | SELECT users.id, users.username, users.email, users.hashed_password, users.streak_days, users.is_active, users.created_at 
FROM users 
WHERE users.id = $1::UUID
2026-01-26 08:44:35,597 | sqlalchemy.engine.Engine | INFO     | [generated in 0.00099s] (UUID('2bd3fc4e-b7bd-42a8-ae7a-23c615437fcb'),)
2026-01-26 08:44:35,602 | app.repositories.base | INFO     | Создана запись User с id: 2bd3fc4e-b7bd-42a8-ae7a-23c615437fcb
2026-01-26 08:44:35,603 | app.services.auth_service | INFO     | User registered successfully: 2bd3fc4e-b7bd-42a8-ae7a-23c615437fcb (user@example.com)
2026-01-26 08:44:35,605 | sqlalchemy.engine.Engine | INFO     | ROLLBACK
2026-01-26 10:09:02,538 | app.main             | INFO     | Application started
2026-01-26 10:09:42,583 | app.services.auth_service | INFO     | Login attempt for: user@example.com
2026-01-26 10:09:42,603 | sqlalchemy.engine.Engine | INFO     | select pg_catalog.version()
2026-01-26 10:09:42,603 | sqlalchemy.engine.Engine | INFO     | [raw sql] ()
2026-01-26 10:09:42,607 | sqlalchemy.engine.Engine | INFO     | select current_schema()
2026-01-26 10:09:42,607 | sqlalchemy.engine.Engine | INFO     | [raw sql] ()
2026-01-26 10:09:42,609 | sqlalchemy.engine.Engine | INFO     | show standard_conforming_strings
2026-01-26 10:09:42,609 | sqlalchemy.engine.Engine | INFO     | [raw sql] ()
2026-01-26 10:09:42,612 | sqlalchemy.engine.Engine | INFO     | BEGIN (implicit)
2026-01-26 10:09:42,616 | sqlalchemy.engine.Engine | INFO     | SELECT users.id, users.username, users.email, users.hashed_password, users.streak_days, users.is_active, users.created_at 
FROM users 
WHERE users.email = $1::VARCHAR
2026-01-26 10:09:42,617 | sqlalchemy.engine.Engine | INFO     | [generated in 0.00053s] ('user@example.com',)
2026-01-26 10:09:42,840 | app.services.auth_service | INFO     | User logged in successfully: 2bd3fc4e-b7bd-42a8-ae7a-23c615437fcb (user@example.com)
2026-01-26 10:09:42,842 | sqlalchemy.engine.Engine | INFO     | ROLLBACK
2026-01-26 10:18:42,210 | app.main             | INFO     | Application started
2026-01-26 10:22:01,019 | app.main             | INFO     | Application started
2026-01-26 10:22:36,775 | app.main             | INFO     | Application started
2026-01-26 10:24:25,307 | app.main             | INFO     | Application started
2026-01-26 10:25:02,695 | app.main             | INFO     | Application started
2026-01-26 10:25:26,467 | app.main             | INFO     | Application started
2026-01-26 10:25:42,942 | app.services.auth_service | INFO     | Registration attempt for: user2@example.com
2026-01-26 10:25:42,962 | sqlalchemy.engine.Engine | INFO     | select pg_catalog.version()
2026-01-26 10:25:42,962 | sqlalchemy.engine.Engine | INFO     | [raw sql] ()
2026-01-26 10:25:42,965 | sqlalchemy.engine.Engine | INFO     | select current_schema()
2026-01-26 10:25:42,965 | sqlalchemy.engine.Engine | INFO     | [raw sql] ()
2026-01-26 10:25:42,967 | sqlalchemy.engine.Engine | INFO     | show standard_conforming_strings
2026-01-26 10:25:42,967 | sqlalchemy.engine.Engine | INFO     | [raw sql] ()
2026-01-26 10:25:42,969 | sqlalchemy.engine.Engine | INFO     | BEGIN (implicit)
2026-01-26 10:25:42,974 | sqlalchemy.engine.Engine | INFO     | SELECT users.id, users.username, users.email, users.hashed_password, users.streak_days, users.is_active, users.created_at 
FROM users 
WHERE users.email = $1::VARCHAR
2026-01-26 10:25:42,974 | sqlalchemy.engine.Engine | INFO     | [generated in 0.00049s] ('user2@example.com',)
2026-01-26 10:25:42,979 | sqlalchemy.engine.Engine | INFO     | SELECT users.id, users.username, users.email, users.hashed_password, users.streak_days, users.is_active, users.created_at 
FROM users 
WHERE users.username = $1::VARCHAR
2026-01-26 10:25:42,979 | sqlalchemy.engine.Engine | INFO     | [generated in 0.00056s] ('string2',)
2026-01-26 10:25:43,196 | sqlalchemy.engine.Engine | INFO     | INSERT INTO users (id, username, email, hashed_password, streak_days, is_active) VALUES ($1::UUID, $2::VARCHAR, $3::VARCHAR, $4::VARCHAR, $5::INTEGER, $6::BOOLEAN) RETURNING users.created_at
2026-01-26 10:25:43,196 | sqlalchemy.engine.Engine | INFO     | [generated in 0.00057s] (UUID('691ce250-da0a-4212-9ee5-0bb31e8c4c06'), 'string2', 'user2@example.com', '$argon2id$v=19$m=65536,t=3,p=4$hI1ZYabTS46Xx94xUSAyTA$otMRRIKu+ffdVibY7mWT0LxooTzDVtULP09BjbQMMZ8', 0, True)
2026-01-26 10:25:43,198 | sqlalchemy.engine.Engine | INFO     | COMMIT
2026-01-26 10:25:43,200 | sqlalchemy.engine.Engine | INFO     | BEGIN (implicit)
2026-01-26 10:25:43,202 | sqlalchemy.engine.Engine | INFO     | SELECT users.id, users.username, users.email, users.hashed_password, users.streak_days, users.is_active, users.created_at 
FROM users 
WHERE users.id = $1::UUID
2026-01-26 10:25:43,202 | sqlalchemy.engine.Engine | INFO     | [generated in 0.00040s] (UUID('691ce250-da0a-4212-9ee5-0bb31e8c4c06'),)
2026-01-26 10:25:43,204 | app.repositories.base | INFO     | Создана запись User с id: 691ce250-da0a-4212-9ee5-0bb31e8c4c06
2026-01-26 10:25:43,205 | app.services.auth_service | INFO     | User registered successfully: 691ce250-da0a-4212-9ee5-0bb31e8c4c06 (user2@example.com)
2026-01-26 10:25:43,205 | sqlalchemy.engine.Engine | INFO     | ROLLBACK
2026-01-26 10:27:11,404 | app.main             | INFO     | Application started
2026-01-26 10:27:18,442 | app.services.auth_service | INFO     | Registration attempt for: user2@example.com
2026-01-26 10:27:18,459 | sqlalchemy.engine.Engine | INFO     | select pg_catalog.version()
2026-01-26 10:27:18,460 | sqlalchemy.engine.Engine | INFO     | [raw sql] ()
2026-01-26 10:27:18,463 | sqlalchemy.engine.Engine | INFO     | select current_schema()
2026-01-26 10:27:18,463 | sqlalchemy.engine.Engine | INFO     | [raw sql] ()
2026-01-26 10:27:18,465 | sqlalchemy.engine.Engine | INFO     | show standard_conforming_strings
2026-01-26 10:27:18,465 | sqlalchemy.engine.Engine | INFO     | [raw sql] ()
2026-01-26 10:27:18,467 | sqlalchemy.engine.Engine | INFO     | BEGIN (implicit)
2026-01-26 10:27:18,471 | sqlalchemy.engine.Engine | INFO     | SELECT users.id, users.username, users.email, users.hashed_password, users.streak_days, users.is_active, users.created_at 
FROM users 
WHERE users.email = $1::VARCHAR
2026-01-26 10:27:18,472 | sqlalchemy.engine.Engine | INFO     | [generated in 0.00050s] ('user2@example.com',)
2026-01-26 10:27:18,475 | app.services.auth_service | WARNING  | Registration failed: email user2@example.com already exists
2026-01-26 10:27:18,475 | sqlalchemy.engine.Engine | INFO     | ROLLBACK
2026-01-26 10:28:24,567 | app.main             | INFO     | Application started
2026-01-27 07:15:28,500 | app.main             | INFO     | Application started
2026-01-27 07:35:22,095 | app.main             | INFO     | Application started
2026-01-27 07:36:08,190 | app.main             | INFO     | Application started
2026-01-27 07:40:31,537 | app.main             | INFO     | Application started
2026-01-27 07:42:42,747 | app.main             | INFO     | Application started
2026-01-27 08:15:33,496 | app.main             | INFO     | Application started
2026-01-27 13:09:22,738 | app.main             | INFO     | Application started
2026-01-27 13:21:41,271 | app.main             | INFO     | Application started
2026-01-27 13:21:46,593 | app.main             | INFO     | Application started
2026-01-27 13:25:58,205 | app.services.auth_service | INFO     | Login attempt for: user@example.com
2026-01-27 13:25:58,223 | sqlalchemy.engine.Engine | INFO     | select pg_catalog.version()
2026-01-27 13:25:58,224 | sqlalchemy.engine.Engine | INFO     | [raw sql] ()
2026-01-27 13:25:58,256 | sqlalchemy.engine.Engine | INFO     | select current_schema()
2026-01-27 13:25:58,256 | sqlalchemy.engine.Engine | INFO     | [raw sql] ()
2026-01-27 13:25:58,258 | sqlalchemy.engine.Engine | INFO     | show standard_conforming_strings
2026-01-27 13:25:58,258 | sqlalchemy.engine.Engine | INFO     | [raw sql] ()
2026-01-27 13:25:58,260 | sqlalchemy.engine.Engine | INFO     | BEGIN (implicit)
2026-01-27 13:25:58,265 | sqlalchemy.engine.Engine | INFO     | SELECT users.id, users.username, users.email, users.hashed_password, users.streak_days, users.is_active, users.created_at 
FROM users 
WHERE users.email = $1::VARCHAR
2026-01-27 13:25:58,265 | sqlalchemy.engine.Engine | INFO     | [generated in 0.00048s] ('user@example.com',)
2026-01-27 13:25:58,528 | app.services.auth_service | INFO     | User logged in successfully: 2bd3fc4e-b7bd-42a8-ae7a-23c615437fcb (user@example.com)
2026-01-27 13:25:58,529 | sqlalchemy.engine.Engine | INFO     | ROLLBACK
2026-01-27 13:35:30,620 | sqlalchemy.engine.Engine | INFO     | BEGIN (implicit)
2026-01-27 13:35:30,623 | sqlalchemy.engine.Engine | INFO     | SELECT users.id, users.username, users.email, users.hashed_password, users.streak_days, users.is_active, users.created_at 
FROM users 
WHERE users.id = $1::UUID
2026-01-27 13:35:30,626 | sqlalchemy.engine.Engine | INFO     | [generated in 0.00242s] (UUID('2bd3fc4e-b7bd-42a8-ae7a-23c615437fcb'),)
2026-01-27 13:35:30,635 | sqlalchemy.engine.Engine | INFO     | ROLLBACK
2026-01-27 13:39:33,100 | app.main             | INFO     | Application started
2026-01-27 13:42:05,426 | app.main             | INFO     | Application started
2026-01-27 13:44:39,221 | app.main             | INFO     | Application started
2026-01-27 14:07:57,792 | app.main             | INFO     | Application started
2026-01-27 14:08:47,051 | app.main             | INFO     | Application started
